<?xml version="1.0" encoding="UTF-8"?>
<!-- Generated by org.testng.reporters.JUnitReportReporter -->
<testsuite hostname="LAPTOP-P9SPN7U3" failures="0" tests="1" name="package1.Class1" time="13.839" errors="0" timestamp="2024-03-16T14:08:04 IST" skipped="0">
  <testcase classname="package1.Class1" name="screenShot" time="13.839"/>
</testsuite> <!-- package1.Class1 -->
