<?xml version="1.0" encoding="UTF-8"?>
<!-- Generated by org.testng.reporters.JUnitReportReporter -->
<testsuite hostname="LAPTOP-P9SPN7U3" failures="0" tests="1" name="seleniumPracticePackage.WebTablePractice01" time="37.527" errors="0" timestamp="2024-03-27T10:28:49 IST" skipped="0">
  <testcase classname="seleniumPracticePackage.WebTablePractice01" name="webTablePractice01" time="37.527"/>
</testsuite> <!-- seleniumPracticePackage.WebTablePractice01 -->
