<?xml version="1.0" encoding="UTF-8"?>
<!-- Generated by org.testng.reporters.JUnitReportReporter -->
<testsuite hostname="LAPTOP-P9SPN7U3" failures="0" tests="1" name="seleniumPracticePackage.JSpractice" time="0.091" errors="0" timestamp="2024-03-21T10:32:40 IST" skipped="0">
  <testcase classname="seleniumPracticePackage.JSpractice" name="JS" time="0.091"/>
</testsuite> <!-- seleniumPracticePackage.JSpractice -->
