<?xml version="1.0" encoding="UTF-8"?>
<!-- Generated by org.testng.reporters.JUnitReportReporter -->
<testsuite hostname="LAPTOP-P9SPN7U3" failures="0" tests="2" name="seleniumPracticePackage.Checkboxes" time="0.922" errors="0" timestamp="2024-03-27T10:22:18 IST" skipped="0">
  <testcase classname="seleniumPracticePackage.Checkboxes" name="test" time="0.535"/>
  <testcase classname="seleniumPracticePackage.Checkboxes" name="test2" time="0.387"/>
</testsuite> <!-- seleniumPracticePackage.Checkboxes -->
