<?xml version="1.0" encoding="UTF-8"?>
<!-- Generated by org.testng.reporters.JUnitReportReporter -->
<testsuite hostname="LAPTOP-P9SPN7U3" failures="0" tests="1" name="seleniumPracticePackage.Screenshot" time="20.706" errors="0" timestamp="2024-03-16T14:02:45 IST" skipped="0">
  <testcase classname="seleniumPracticePackage.Screenshot" name="Screenshot" time="20.706"/>
</testsuite> <!-- seleniumPracticePackage.Screenshot -->
