<?xml version="1.0" encoding="UTF-8"?>
<!-- Generated by org.testng.reporters.JUnitReportReporter -->
<testsuite hostname="LAPTOP-P9SPN7U3" failures="0" tests="1" name="seleniumPracticePackage.HighlightingElement" time="0.221" errors="0" timestamp="2024-03-25T12:31:20 IST" skipped="0">
  <testcase classname="seleniumPracticePackage.HighlightingElement" name="highlightingElement" time="0.221"/>
</testsuite> <!-- seleniumPracticePackage.HighlightingElement -->
