<?xml version="1.0" encoding="UTF-8"?>
<!-- Generated by org.testng.reporters.JUnitReportReporter -->
<testsuite hostname="LAPTOP-P9SPN7U3" failures="0" tests="1" name="seleniumPracticePackage.JavaScriptExecutorPractice" time="0.391" errors="0" timestamp="2024-03-19T09:47:22 IST" skipped="0">
  <testcase classname="seleniumPracticePackage.JavaScriptExecutorPractice" name="JS" time="0.391"/>
</testsuite> <!-- seleniumPracticePackage.JavaScriptExecutorPractice -->
