<?xml version="1.0" encoding="UTF-8"?>
<!-- Generated by org.testng.reporters.JUnitReportReporter -->
<testsuite hostname="LAPTOP-P9SPN7U3" failures="0" tests="1" name="Assignment11DonebySirAnotherway" time="33.694" errors="0" timestamp="2024-03-21T10:12:04 IST" skipped="0">
  <testcase classname="Assignment11DonebySirAnotherway" name="Test" time="33.694"/>
</testsuite> <!-- Assignment11DonebySirAnotherway -->
