<?xml version="1.0" encoding="UTF-8"?>
<!-- Generated by org.testng.reporters.JUnitReportReporter -->
<testsuite hostname="LAPTOP-P9SPN7U3" failures="0" tests="3" name="Assignment7" time="14.816" errors="0" timestamp="2024-03-11T10:57:42 IST" skipped="0">
  <testcase classname="Assignment7" name="beforeMethod" time="7.231"/>
  <testcase classname="Assignment7" name="Method" time="4.065"/>
  <testcase classname="Assignment7" name="afterMethod" time="3.520"/>
</testsuite> <!-- Assignment7 -->
