<?xml version="1.0" encoding="UTF-8"?>
<!-- Generated by org.testng.reporters.JUnitReportReporter -->
<testsuite hostname="LAPTOP-P9SPN7U3" failures="0" tests="1" name="seleniumPracticePackage.JavascriptExecutor2" time="13.621" errors="0" timestamp="2024-03-18T11:30:19 IST" skipped="0">
  <testcase classname="seleniumPracticePackage.JavascriptExecutor2" name="javaScriptTest" time="13.621"/>
</testsuite> <!-- seleniumPracticePackage.JavascriptExecutor2 -->
