<?xml version="1.0" encoding="UTF-8"?>
<!-- Generated by org.testng.reporters.JUnitReportReporter -->
<testsuite hostname="LAPTOP-P9SPN7U3" failures="0" tests="1" name="Assignment11DonebySir" time="39.775" errors="0" timestamp="2024-03-20T11:09:42 IST" skipped="0">
  <testcase classname="Assignment11DonebySir" name="javapractice" time="39.775"/>
</testsuite> <!-- Assignment11DonebySir -->
