<?xml version="1.0" encoding="UTF-8"?>
<!-- Generated by org.testng.reporters.JUnitReportReporter -->
<testsuite hostname="LAPTOP-P9SPN7U3" failures="0" tests="1" name="Assignment9" time="46.814" errors="0" timestamp="2024-03-16T16:25:26 IST" skipped="0">
  <testcase classname="Assignment9" name="assignmentMethod" time="46.814"/>
</testsuite> <!-- Assignment9 -->
